
Backup repository 2026-03-05_00-29-14
Folder created test
File created test/hello.txt
Backup repository 2026-03-05_00-39-08
Backup file repo_update_engine.py
Append repo_update_engine.py
Backup repository 2026-03-05_00-47-15
Folder created test_engine
File created test_engine/hello.txt
Backup file repo_update_engine.py
Patch function timestamp
Backup repository 2026-03-05_00-50-14
Folder created devops_test
File created devops_test/file1.txt
Backup file devops_test/file1.txt
Append devops_test/file1.txt
Backup repository 2026-03-05_00-51-51
Backup file repo_update_engine.py
Patch function timestamp
Patch generated patches/patch_2026-03-05_00-53-20.diff
